[INFO  - 2015-08-19T20:29:30.123Z] GhostDriver - Main - running on port 25765
[INFO  - 2015-08-19T20:29:30.456Z] Session [fe9c6940-46b0-11e5-9ed0-dd1e4723971b] - page.settings - {"XSSAuditingEnabled":false,"javascriptCanCloseWindows":true,"javascriptCanOpenWindows":true,"javascriptEnabled":true,"loadImages":true,"localToRemoteUrlAccessEnabled":false,"userAgent":"Mozilla/5.0 (Macintosh; Intel Mac OS X) AppleWebKit/538.1 (KHTML, like Gecko) PhantomJS/2.0.0 Safari/538.1","webSecurityEnabled":true}
[INFO  - 2015-08-19T20:29:30.456Z] Session [fe9c6940-46b0-11e5-9ed0-dd1e4723971b] - page.customHeaders:  - {}
[INFO  - 2015-08-19T20:29:30.456Z] Session [fe9c6940-46b0-11e5-9ed0-dd1e4723971b] - Session.negotiatedCapabilities - {"browserName":"phantomjs","version":"2.0.0","driverName":"ghostdriver","driverVersion":"1.2.0","platform":"mac-10.9 (Mavericks)-64bit","javascriptEnabled":true,"takesScreenshot":true,"handlesAlerts":false,"databaseEnabled":false,"locationContextEnabled":false,"applicationCacheEnabled":false,"browserConnectionEnabled":false,"cssSelectorsEnabled":true,"webStorageEnabled":false,"rotatable":false,"acceptSslCerts":false,"nativeEvents":true,"proxy":{"proxyType":"direct"}}
[INFO  - 2015-08-19T20:29:30.457Z] SessionManagerReqHand - _postNewSessionCommand - New Session Created: fe9c6940-46b0-11e5-9ed0-dd1e4723971b
[INFO  - 2015-08-19T20:29:40.735Z] ShutdownReqHand - _handle - About to shutdown
[INFO  - 2015-08-20T16:00:06.127Z] GhostDriver - Main - running on port 5791
[INFO  - 2015-08-20T16:00:06.690Z] Session [86ab0cd0-4754-11e5-94ae-519ef2b7ffe3] - page.settings - {"XSSAuditingEnabled":false,"javascriptCanCloseWindows":true,"javascriptCanOpenWindows":true,"javascriptEnabled":true,"loadImages":true,"localToRemoteUrlAccessEnabled":false,"userAgent":"Mozilla/5.0 (Macintosh; Intel Mac OS X) AppleWebKit/538.1 (KHTML, like Gecko) PhantomJS/2.0.0 Safari/538.1","webSecurityEnabled":true}
[INFO  - 2015-08-20T16:00:06.690Z] Session [86ab0cd0-4754-11e5-94ae-519ef2b7ffe3] - page.customHeaders:  - {}
[INFO  - 2015-08-20T16:00:06.691Z] Session [86ab0cd0-4754-11e5-94ae-519ef2b7ffe3] - Session.negotiatedCapabilities - {"browserName":"phantomjs","version":"2.0.0","driverName":"ghostdriver","driverVersion":"1.2.0","platform":"mac-10.9 (Mavericks)-64bit","javascriptEnabled":true,"takesScreenshot":true,"handlesAlerts":false,"databaseEnabled":false,"locationContextEnabled":false,"applicationCacheEnabled":false,"browserConnectionEnabled":false,"cssSelectorsEnabled":true,"webStorageEnabled":false,"rotatable":false,"acceptSslCerts":false,"nativeEvents":true,"proxy":{"proxyType":"direct"}}
[INFO  - 2015-08-20T16:00:06.691Z] SessionManagerReqHand - _postNewSessionCommand - New Session Created: 86ab0cd0-4754-11e5-94ae-519ef2b7ffe3
[INFO  - 2015-08-20T16:00:17.037Z] ShutdownReqHand - _handle - About to shutdown
[INFO  - 2015-08-20T20:38:19.116Z] GhostDriver - Main - running on port 24590
[INFO  - 2015-08-20T20:38:19.195Z] Session [642d5470-477b-11e5-8381-2d3ba49788a2] - page.settings - {"XSSAuditingEnabled":false,"javascriptCanCloseWindows":true,"javascriptCanOpenWindows":true,"javascriptEnabled":true,"loadImages":true,"localToRemoteUrlAccessEnabled":false,"userAgent":"Mozilla/5.0 (Macintosh; Intel Mac OS X) AppleWebKit/538.1 (KHTML, like Gecko) PhantomJS/2.0.0 Safari/538.1","webSecurityEnabled":true}
[INFO  - 2015-08-20T20:38:19.195Z] Session [642d5470-477b-11e5-8381-2d3ba49788a2] - page.customHeaders:  - {}
[INFO  - 2015-08-20T20:38:19.195Z] Session [642d5470-477b-11e5-8381-2d3ba49788a2] - Session.negotiatedCapabilities - {"browserName":"phantomjs","version":"2.0.0","driverName":"ghostdriver","driverVersion":"1.2.0","platform":"mac-10.9 (Mavericks)-64bit","javascriptEnabled":true,"takesScreenshot":true,"handlesAlerts":false,"databaseEnabled":false,"locationContextEnabled":false,"applicationCacheEnabled":false,"browserConnectionEnabled":false,"cssSelectorsEnabled":true,"webStorageEnabled":false,"rotatable":false,"acceptSslCerts":false,"nativeEvents":true,"proxy":{"proxyType":"direct"}}
[INFO  - 2015-08-20T20:38:19.196Z] SessionManagerReqHand - _postNewSessionCommand - New Session Created: 642d5470-477b-11e5-8381-2d3ba49788a2
[INFO  - 2015-08-20T20:38:19.641Z] ShutdownReqHand - _handle - About to shutdown
[INFO  - 2015-08-20T20:38:43.178Z] GhostDriver - Main - running on port 5222
[INFO  - 2015-08-20T20:38:43.525Z] Session [72ada400-477b-11e5-8ad3-b73198efdf0e] - page.settings - {"XSSAuditingEnabled":false,"javascriptCanCloseWindows":true,"javascriptCanOpenWindows":true,"javascriptEnabled":true,"loadImages":true,"localToRemoteUrlAccessEnabled":false,"userAgent":"Mozilla/5.0 (Macintosh; Intel Mac OS X) AppleWebKit/538.1 (KHTML, like Gecko) PhantomJS/2.0.0 Safari/538.1","webSecurityEnabled":true}
[INFO  - 2015-08-20T20:38:43.525Z] Session [72ada400-477b-11e5-8ad3-b73198efdf0e] - page.customHeaders:  - {}
[INFO  - 2015-08-20T20:38:43.525Z] Session [72ada400-477b-11e5-8ad3-b73198efdf0e] - Session.negotiatedCapabilities - {"browserName":"phantomjs","version":"2.0.0","driverName":"ghostdriver","driverVersion":"1.2.0","platform":"mac-10.9 (Mavericks)-64bit","javascriptEnabled":true,"takesScreenshot":true,"handlesAlerts":false,"databaseEnabled":false,"locationContextEnabled":false,"applicationCacheEnabled":false,"browserConnectionEnabled":false,"cssSelectorsEnabled":true,"webStorageEnabled":false,"rotatable":false,"acceptSslCerts":false,"nativeEvents":true,"proxy":{"proxyType":"direct"}}
[INFO  - 2015-08-20T20:38:43.525Z] SessionManagerReqHand - _postNewSessionCommand - New Session Created: 72ada400-477b-11e5-8ad3-b73198efdf0e
[INFO  - 2015-08-20T20:38:43.946Z] ShutdownReqHand - _handle - About to shutdown
[INFO  - 2015-08-20T20:41:10.233Z] GhostDriver - Main - running on port 7856
[INFO  - 2015-08-20T20:41:10.577Z] Session [ca5425d0-477b-11e5-a239-9d76b3311900] - page.settings - {"XSSAuditingEnabled":false,"javascriptCanCloseWindows":true,"javascriptCanOpenWindows":true,"javascriptEnabled":true,"loadImages":true,"localToRemoteUrlAccessEnabled":false,"userAgent":"Mozilla/5.0 (Macintosh; Intel Mac OS X) AppleWebKit/538.1 (KHTML, like Gecko) PhantomJS/2.0.0 Safari/538.1","webSecurityEnabled":true}
[INFO  - 2015-08-20T20:41:10.577Z] Session [ca5425d0-477b-11e5-a239-9d76b3311900] - page.customHeaders:  - {}
[INFO  - 2015-08-20T20:41:10.577Z] Session [ca5425d0-477b-11e5-a239-9d76b3311900] - Session.negotiatedCapabilities - {"browserName":"phantomjs","version":"2.0.0","driverName":"ghostdriver","driverVersion":"1.2.0","platform":"mac-10.9 (Mavericks)-64bit","javascriptEnabled":true,"takesScreenshot":true,"handlesAlerts":false,"databaseEnabled":false,"locationContextEnabled":false,"applicationCacheEnabled":false,"browserConnectionEnabled":false,"cssSelectorsEnabled":true,"webStorageEnabled":false,"rotatable":false,"acceptSslCerts":false,"nativeEvents":true,"proxy":{"proxyType":"direct"}}
[INFO  - 2015-08-20T20:41:10.577Z] SessionManagerReqHand - _postNewSessionCommand - New Session Created: ca5425d0-477b-11e5-a239-9d76b3311900
[INFO  - 2015-08-20T20:41:10.975Z] ShutdownReqHand - _handle - About to shutdown
[INFO  - 2015-08-20T20:50:18.047Z] GhostDriver - Main - running on port 6101
[INFO  - 2015-08-20T20:50:18.409Z] Session [10dcad50-477d-11e5-9853-b19235a1c04d] - page.settings - {"XSSAuditingEnabled":false,"javascriptCanCloseWindows":true,"javascriptCanOpenWindows":true,"javascriptEnabled":true,"loadImages":true,"localToRemoteUrlAccessEnabled":false,"userAgent":"Mozilla/5.0 (Macintosh; Intel Mac OS X) AppleWebKit/538.1 (KHTML, like Gecko) PhantomJS/2.0.0 Safari/538.1","webSecurityEnabled":true}
[INFO  - 2015-08-20T20:50:18.409Z] Session [10dcad50-477d-11e5-9853-b19235a1c04d] - page.customHeaders:  - {}
[INFO  - 2015-08-20T20:50:18.410Z] Session [10dcad50-477d-11e5-9853-b19235a1c04d] - Session.negotiatedCapabilities - {"browserName":"phantomjs","version":"2.0.0","driverName":"ghostdriver","driverVersion":"1.2.0","platform":"mac-10.9 (Mavericks)-64bit","javascriptEnabled":true,"takesScreenshot":true,"handlesAlerts":false,"databaseEnabled":false,"locationContextEnabled":false,"applicationCacheEnabled":false,"browserConnectionEnabled":false,"cssSelectorsEnabled":true,"webStorageEnabled":false,"rotatable":false,"acceptSslCerts":false,"nativeEvents":true,"proxy":{"proxyType":"direct"}}
[INFO  - 2015-08-20T20:50:18.410Z] SessionManagerReqHand - _postNewSessionCommand - New Session Created: 10dcad50-477d-11e5-9853-b19235a1c04d
[INFO  - 2015-08-20T20:50:18.831Z] ShutdownReqHand - _handle - About to shutdown
[INFO  - 2015-08-24T14:07:37.777Z] GhostDriver - Main - running on port 19652
[INFO  - 2015-08-24T14:07:38.082Z] Session [79d43500-4a69-11e5-b017-a73542b60d2e] - page.settings - {"XSSAuditingEnabled":false,"javascriptCanCloseWindows":true,"javascriptCanOpenWindows":true,"javascriptEnabled":true,"loadImages":true,"localToRemoteUrlAccessEnabled":false,"userAgent":"Mozilla/5.0 (Macintosh; Intel Mac OS X) AppleWebKit/538.1 (KHTML, like Gecko) PhantomJS/2.0.0 Safari/538.1","webSecurityEnabled":true}
[INFO  - 2015-08-24T14:07:38.082Z] Session [79d43500-4a69-11e5-b017-a73542b60d2e] - page.customHeaders:  - {}
[INFO  - 2015-08-24T14:07:38.082Z] Session [79d43500-4a69-11e5-b017-a73542b60d2e] - Session.negotiatedCapabilities - {"browserName":"phantomjs","version":"2.0.0","driverName":"ghostdriver","driverVersion":"1.2.0","platform":"mac-10.9 (Mavericks)-64bit","javascriptEnabled":true,"takesScreenshot":true,"handlesAlerts":false,"databaseEnabled":false,"locationContextEnabled":false,"applicationCacheEnabled":false,"browserConnectionEnabled":false,"cssSelectorsEnabled":true,"webStorageEnabled":false,"rotatable":false,"acceptSslCerts":false,"nativeEvents":true,"proxy":{"proxyType":"direct"}}
[INFO  - 2015-08-24T14:07:38.083Z] SessionManagerReqHand - _postNewSessionCommand - New Session Created: 79d43500-4a69-11e5-b017-a73542b60d2e
[INFO  - 2015-08-24T14:07:38.919Z] ShutdownReqHand - _handle - About to shutdown
[INFO  - 2015-08-25T13:55:33.775Z] GhostDriver - Main - running on port 49076
[INFO  - 2015-08-25T13:55:34.312Z] Session [f4d96730-4b30-11e5-8b88-23b3b23b46d3] - page.settings - {"XSSAuditingEnabled":false,"javascriptCanCloseWindows":true,"javascriptCanOpenWindows":true,"javascriptEnabled":true,"loadImages":true,"localToRemoteUrlAccessEnabled":false,"userAgent":"Mozilla/5.0 (Macintosh; Intel Mac OS X) AppleWebKit/538.1 (KHTML, like Gecko) PhantomJS/2.0.0 Safari/538.1","webSecurityEnabled":true}
[INFO  - 2015-08-25T13:55:34.312Z] Session [f4d96730-4b30-11e5-8b88-23b3b23b46d3] - page.customHeaders:  - {}
[INFO  - 2015-08-25T13:55:34.312Z] Session [f4d96730-4b30-11e5-8b88-23b3b23b46d3] - Session.negotiatedCapabilities - {"browserName":"phantomjs","version":"2.0.0","driverName":"ghostdriver","driverVersion":"1.2.0","platform":"mac-10.9 (Mavericks)-64bit","javascriptEnabled":true,"takesScreenshot":true,"handlesAlerts":false,"databaseEnabled":false,"locationContextEnabled":false,"applicationCacheEnabled":false,"browserConnectionEnabled":false,"cssSelectorsEnabled":true,"webStorageEnabled":false,"rotatable":false,"acceptSslCerts":false,"nativeEvents":true,"proxy":{"proxyType":"direct"}}
[INFO  - 2015-08-25T13:55:34.312Z] SessionManagerReqHand - _postNewSessionCommand - New Session Created: f4d96730-4b30-11e5-8b88-23b3b23b46d3
[INFO  - 2015-08-25T13:55:34.751Z] ShutdownReqHand - _handle - About to shutdown
[INFO  - 2015-08-25T13:56:20.656Z] GhostDriver - Main - running on port 47152
[INFO  - 2015-08-25T13:56:20.980Z] Session [10aa8700-4b31-11e5-b481-55e07eba0cfc] - page.settings - {"XSSAuditingEnabled":false,"javascriptCanCloseWindows":true,"javascriptCanOpenWindows":true,"javascriptEnabled":true,"loadImages":true,"localToRemoteUrlAccessEnabled":false,"userAgent":"Mozilla/5.0 (Macintosh; Intel Mac OS X) AppleWebKit/538.1 (KHTML, like Gecko) PhantomJS/2.0.0 Safari/538.1","webSecurityEnabled":true}
[INFO  - 2015-08-25T13:56:20.980Z] Session [10aa8700-4b31-11e5-b481-55e07eba0cfc] - page.customHeaders:  - {}
[INFO  - 2015-08-25T13:56:20.980Z] Session [10aa8700-4b31-11e5-b481-55e07eba0cfc] - Session.negotiatedCapabilities - {"browserName":"phantomjs","version":"2.0.0","driverName":"ghostdriver","driverVersion":"1.2.0","platform":"mac-10.9 (Mavericks)-64bit","javascriptEnabled":true,"takesScreenshot":true,"handlesAlerts":false,"databaseEnabled":false,"locationContextEnabled":false,"applicationCacheEnabled":false,"browserConnectionEnabled":false,"cssSelectorsEnabled":true,"webStorageEnabled":false,"rotatable":false,"acceptSslCerts":false,"nativeEvents":true,"proxy":{"proxyType":"direct"}}
[INFO  - 2015-08-25T13:56:20.980Z] SessionManagerReqHand - _postNewSessionCommand - New Session Created: 10aa8700-4b31-11e5-b481-55e07eba0cfc
[INFO  - 2015-08-25T13:56:21.381Z] ShutdownReqHand - _handle - About to shutdown
[INFO  - 2015-08-25T14:13:59.222Z] GhostDriver - Main - running on port 14179
[INFO  - 2015-08-25T14:13:59.582Z] Session [87a45fa0-4b33-11e5-aff2-077ca3be44e9] - page.settings - {"XSSAuditingEnabled":false,"javascriptCanCloseWindows":true,"javascriptCanOpenWindows":true,"javascriptEnabled":true,"loadImages":true,"localToRemoteUrlAccessEnabled":false,"userAgent":"Mozilla/5.0 (Macintosh; Intel Mac OS X) AppleWebKit/538.1 (KHTML, like Gecko) PhantomJS/2.0.0 Safari/538.1","webSecurityEnabled":true}
[INFO  - 2015-08-25T14:13:59.582Z] Session [87a45fa0-4b33-11e5-aff2-077ca3be44e9] - page.customHeaders:  - {}
[INFO  - 2015-08-25T14:13:59.582Z] Session [87a45fa0-4b33-11e5-aff2-077ca3be44e9] - Session.negotiatedCapabilities - {"browserName":"phantomjs","version":"2.0.0","driverName":"ghostdriver","driverVersion":"1.2.0","platform":"mac-10.9 (Mavericks)-64bit","javascriptEnabled":true,"takesScreenshot":true,"handlesAlerts":false,"databaseEnabled":false,"locationContextEnabled":false,"applicationCacheEnabled":false,"browserConnectionEnabled":false,"cssSelectorsEnabled":true,"webStorageEnabled":false,"rotatable":false,"acceptSslCerts":false,"nativeEvents":true,"proxy":{"proxyType":"direct"}}
[INFO  - 2015-08-25T14:13:59.582Z] SessionManagerReqHand - _postNewSessionCommand - New Session Created: 87a45fa0-4b33-11e5-aff2-077ca3be44e9
[INFO  - 2015-08-25T14:13:59.989Z] ShutdownReqHand - _handle - About to shutdown
[INFO  - 2015-08-25T14:16:24.045Z] GhostDriver - Main - running on port 31852
[INFO  - 2015-08-25T14:16:24.381Z] Session [ddf2a470-4b33-11e5-95e5-09ee2a6b9f42] - page.settings - {"XSSAuditingEnabled":false,"javascriptCanCloseWindows":true,"javascriptCanOpenWindows":true,"javascriptEnabled":true,"loadImages":true,"localToRemoteUrlAccessEnabled":false,"userAgent":"Mozilla/5.0 (Macintosh; Intel Mac OS X) AppleWebKit/538.1 (KHTML, like Gecko) PhantomJS/2.0.0 Safari/538.1","webSecurityEnabled":true}
[INFO  - 2015-08-25T14:16:24.381Z] Session [ddf2a470-4b33-11e5-95e5-09ee2a6b9f42] - page.customHeaders:  - {}
[INFO  - 2015-08-25T14:16:24.381Z] Session [ddf2a470-4b33-11e5-95e5-09ee2a6b9f42] - Session.negotiatedCapabilities - {"browserName":"phantomjs","version":"2.0.0","driverName":"ghostdriver","driverVersion":"1.2.0","platform":"mac-10.9 (Mavericks)-64bit","javascriptEnabled":true,"takesScreenshot":true,"handlesAlerts":false,"databaseEnabled":false,"locationContextEnabled":false,"applicationCacheEnabled":false,"browserConnectionEnabled":false,"cssSelectorsEnabled":true,"webStorageEnabled":false,"rotatable":false,"acceptSslCerts":false,"nativeEvents":true,"proxy":{"proxyType":"direct"}}
[INFO  - 2015-08-25T14:16:24.381Z] SessionManagerReqHand - _postNewSessionCommand - New Session Created: ddf2a470-4b33-11e5-95e5-09ee2a6b9f42
[INFO  - 2015-08-25T14:16:24.865Z] ShutdownReqHand - _handle - About to shutdown
[INFO  - 2015-08-25T14:19:03.494Z] GhostDriver - Main - running on port 18257
[INFO  - 2015-08-25T14:19:03.743Z] Session [3cefa8b0-4b34-11e5-9930-ef16661e8a8f] - page.settings - {"XSSAuditingEnabled":false,"javascriptCanCloseWindows":true,"javascriptCanOpenWindows":true,"javascriptEnabled":true,"loadImages":true,"localToRemoteUrlAccessEnabled":false,"userAgent":"Mozilla/5.0 (Macintosh; Intel Mac OS X) AppleWebKit/538.1 (KHTML, like Gecko) PhantomJS/2.0.0 Safari/538.1","webSecurityEnabled":true}
[INFO  - 2015-08-25T14:19:03.743Z] Session [3cefa8b0-4b34-11e5-9930-ef16661e8a8f] - page.customHeaders:  - {}
[INFO  - 2015-08-25T14:19:03.743Z] Session [3cefa8b0-4b34-11e5-9930-ef16661e8a8f] - Session.negotiatedCapabilities - {"browserName":"phantomjs","version":"2.0.0","driverName":"ghostdriver","driverVersion":"1.2.0","platform":"mac-10.9 (Mavericks)-64bit","javascriptEnabled":true,"takesScreenshot":true,"handlesAlerts":false,"databaseEnabled":false,"locationContextEnabled":false,"applicationCacheEnabled":false,"browserConnectionEnabled":false,"cssSelectorsEnabled":true,"webStorageEnabled":false,"rotatable":false,"acceptSslCerts":false,"nativeEvents":true,"proxy":{"proxyType":"direct"}}
[INFO  - 2015-08-25T14:19:03.743Z] SessionManagerReqHand - _postNewSessionCommand - New Session Created: 3cefa8b0-4b34-11e5-9930-ef16661e8a8f
[INFO  - 2015-08-25T14:19:04.255Z] ShutdownReqHand - _handle - About to shutdown
[INFO  - 2015-08-25T14:23:18.537Z] GhostDriver - Main - running on port 35089
[INFO  - 2015-08-25T14:23:18.881Z] Session [d50279c0-4b34-11e5-ba26-73c68e3be87a] - page.settings - {"XSSAuditingEnabled":false,"javascriptCanCloseWindows":true,"javascriptCanOpenWindows":true,"javascriptEnabled":true,"loadImages":true,"localToRemoteUrlAccessEnabled":false,"userAgent":"Mozilla/5.0 (Macintosh; Intel Mac OS X) AppleWebKit/538.1 (KHTML, like Gecko) PhantomJS/2.0.0 Safari/538.1","webSecurityEnabled":true}
[INFO  - 2015-08-25T14:23:18.881Z] Session [d50279c0-4b34-11e5-ba26-73c68e3be87a] - page.customHeaders:  - {}
[INFO  - 2015-08-25T14:23:18.882Z] Session [d50279c0-4b34-11e5-ba26-73c68e3be87a] - Session.negotiatedCapabilities - {"browserName":"phantomjs","version":"2.0.0","driverName":"ghostdriver","driverVersion":"1.2.0","platform":"mac-10.9 (Mavericks)-64bit","javascriptEnabled":true,"takesScreenshot":true,"handlesAlerts":false,"databaseEnabled":false,"locationContextEnabled":false,"applicationCacheEnabled":false,"browserConnectionEnabled":false,"cssSelectorsEnabled":true,"webStorageEnabled":false,"rotatable":false,"acceptSslCerts":false,"nativeEvents":true,"proxy":{"proxyType":"direct"}}
[INFO  - 2015-08-25T14:23:18.882Z] SessionManagerReqHand - _postNewSessionCommand - New Session Created: d50279c0-4b34-11e5-ba26-73c68e3be87a
[INFO  - 2015-08-25T14:23:19.364Z] ShutdownReqHand - _handle - About to shutdown
[INFO  - 2015-08-25T14:25:34.613Z] GhostDriver - Main - running on port 40903
[INFO  - 2015-08-25T14:25:34.961Z] Session [261ec9d0-4b35-11e5-aa36-9be0af393846] - page.settings - {"XSSAuditingEnabled":false,"javascriptCanCloseWindows":true,"javascriptCanOpenWindows":true,"javascriptEnabled":true,"loadImages":true,"localToRemoteUrlAccessEnabled":false,"userAgent":"Mozilla/5.0 (Macintosh; Intel Mac OS X) AppleWebKit/538.1 (KHTML, like Gecko) PhantomJS/2.0.0 Safari/538.1","webSecurityEnabled":true}
[INFO  - 2015-08-25T14:25:34.961Z] Session [261ec9d0-4b35-11e5-aa36-9be0af393846] - page.customHeaders:  - {}
[INFO  - 2015-08-25T14:25:34.961Z] Session [261ec9d0-4b35-11e5-aa36-9be0af393846] - Session.negotiatedCapabilities - {"browserName":"phantomjs","version":"2.0.0","driverName":"ghostdriver","driverVersion":"1.2.0","platform":"mac-10.9 (Mavericks)-64bit","javascriptEnabled":true,"takesScreenshot":true,"handlesAlerts":false,"databaseEnabled":false,"locationContextEnabled":false,"applicationCacheEnabled":false,"browserConnectionEnabled":false,"cssSelectorsEnabled":true,"webStorageEnabled":false,"rotatable":false,"acceptSslCerts":false,"nativeEvents":true,"proxy":{"proxyType":"direct"}}
[INFO  - 2015-08-25T14:25:34.961Z] SessionManagerReqHand - _postNewSessionCommand - New Session Created: 261ec9d0-4b35-11e5-aa36-9be0af393846
[INFO  - 2015-08-25T14:25:38.633Z] ShutdownReqHand - _handle - About to shutdown
[INFO  - 2015-08-25T14:34:17.023Z] GhostDriver - Main - running on port 33811
[INFO  - 2015-08-25T14:34:17.309Z] Session [5d76c490-4b36-11e5-af86-f1426c541877] - page.settings - {"XSSAuditingEnabled":false,"javascriptCanCloseWindows":true,"javascriptCanOpenWindows":true,"javascriptEnabled":true,"loadImages":true,"localToRemoteUrlAccessEnabled":false,"userAgent":"Mozilla/5.0 (Macintosh; Intel Mac OS X) AppleWebKit/538.1 (KHTML, like Gecko) PhantomJS/2.0.0 Safari/538.1","webSecurityEnabled":true}
[INFO  - 2015-08-25T14:34:17.309Z] Session [5d76c490-4b36-11e5-af86-f1426c541877] - page.customHeaders:  - {}
[INFO  - 2015-08-25T14:34:17.309Z] Session [5d76c490-4b36-11e5-af86-f1426c541877] - Session.negotiatedCapabilities - {"browserName":"phantomjs","version":"2.0.0","driverName":"ghostdriver","driverVersion":"1.2.0","platform":"mac-10.9 (Mavericks)-64bit","javascriptEnabled":true,"takesScreenshot":true,"handlesAlerts":false,"databaseEnabled":false,"locationContextEnabled":false,"applicationCacheEnabled":false,"browserConnectionEnabled":false,"cssSelectorsEnabled":true,"webStorageEnabled":false,"rotatable":false,"acceptSslCerts":false,"nativeEvents":true,"proxy":{"proxyType":"direct"}}
[INFO  - 2015-08-25T14:34:17.309Z] SessionManagerReqHand - _postNewSessionCommand - New Session Created: 5d76c490-4b36-11e5-af86-f1426c541877
[INFO  - 2015-08-25T14:34:20.619Z] ShutdownReqHand - _handle - About to shutdown
